login/build/outputs/logs/manifest-merger-debug-report.txt
-- Merging decision tree log ---
manifest
ADDED from AndroidManifest.xml:20:1
	package
		ADDED from AndroidManifest.xml:21:5
	xmlns:android
		ADDED from AndroidManifest.xml:20:11
uses-permission#android.permission.INTERNET
ADDED from AndroidManifest.xml:23:5
	android:name
		ADDED from AndroidManifest.xml:23:22
uses-permission#android.permission.WRITE_EXTERNAL_STORAGE
ADDED from AndroidManifest.xml:24:5
	android:name
		ADDED from AndroidManifest.xml:24:22
uses-permission#android.permission.ACCESS_NETWORK_STATE
ADDED from AndroidManifest.xml:25:5
	android:name
		ADDED from AndroidManifest.xml:25:22
application
ADDED from AndroidManifest.xml:27:5
MERGED from com.facebook.android:facebook-android-sdk:4.6.0:28:5
MERGED from com.android.support:support-v4:22.2.1:22:5
MERGED from com.android.support:appcompat-v7:21.0.3:16:5
MERGED from com.android.support:support-v4:22.2.1:22:5
	android:label
		ADDED from AndroidManifest.xml:30:9
	android:allowBackup
		ADDED from AndroidManifest.xml:28:9
	android:icon
		ADDED from AndroidManifest.xml:29:9
	android:theme
		ADDED from AndroidManifest.xml:31:9
activity#com.backendless.facebooklogin.MainActivity
ADDED from AndroidManifest.xml:32:9
	android:label
		ADDED from AndroidManifest.xml:34:13
	android:name
		ADDED from AndroidManifest.xml:33:13
intent-filter#android.intent.action.MAIN+android.intent.category.LAUNCHER
ADDED from AndroidManifest.xml:35:13
action#android.intent.action.MAIN
ADDED from AndroidManifest.xml:36:17
	android:name
		ADDED from AndroidManifest.xml:36:25
category#android.intent.category.LAUNCHER
ADDED from AndroidManifest.xml:38:17
	android:name
		ADDED from AndroidManifest.xml:38:27
activity#com.facebook.FacebookActivity
ADDED from AndroidManifest.xml:42:9
	android:label
		ADDED from AndroidManifest.xml:45:19
	android:configChanges
		ADDED from AndroidManifest.xml:43:19
	android:theme
		ADDED from AndroidManifest.xml:44:19
	android:name
		ADDED from AndroidManifest.xml:42:19
meta-data#com.facebook.sdk.ApplicationId
ADDED from AndroidManifest.xml:47:9
	android:value
		ADDED from AndroidManifest.xml:47:66
	android:name
		ADDED from AndroidManifest.xml:47:20
meta-data#com.facebook.sdk.ApplicationName
ADDED from AndroidManifest.xml:48:9
	android:value
		ADDED from AndroidManifest.xml:49:20
	android:name
		ADDED from AndroidManifest.xml:48:20
uses-sdk
INJECTED from AndroidManifest.xml:0:0 reason: use-sdk injection requested
MERGED from com.facebook.android:facebook-android-sdk:4.6.0:24:5
MERGED from com.android.support:support-v4:22.2.1:20:5
MERGED from com.android.support:appcompat-v7:21.0.3:15:5
MERGED from com.android.support:support-v4:22.2.1:20:5
	android:targetSdkVersion
		INJECTED from AndroidManifest.xml:0:0
		INJECTED from AndroidManifest.xml:0:0
	android:minSdkVersion
		INJECTED from AndroidManifest.xml:0:0
		INJECTED from AndroidManifest.xml:0:0